

Started GET "/" for 127.0.0.1 at 2014-05-13 11:11:06 +0200

ActiveRecord::PendingMigrationError (Migrations are pending; run 'bin/rake db:migrate RAILS_ENV=development' to resolve this issue.):
  activerecord (4.0.4) lib/active_record/migration.rb:383:in `check_pending!'
  activerecord (4.0.4) lib/active_record/migration.rb:370:in `call'
  actionpack (4.0.4) lib/action_dispatch/middleware/callbacks.rb:29:in `block in call'
  activesupport (4.0.4) lib/active_support/callbacks.rb:373:in `_run__103638644__call__callbacks'
  activesupport (4.0.4) lib/active_support/callbacks.rb:80:in `run_callbacks'
  actionpack (4.0.4) lib/action_dispatch/middleware/callbacks.rb:27:in `call'
  actionpack (4.0.4) lib/action_dispatch/middleware/reloader.rb:64:in `call'
  actionpack (4.0.4) lib/action_dispatch/middleware/remote_ip.rb:76:in `call'
  actionpack (4.0.4) lib/action_dispatch/middleware/debug_exceptions.rb:17:in `call'
  actionpack (4.0.4) lib/action_dispatch/middleware/show_exceptions.rb:30:in `call'
  railties (4.0.4) lib/rails/rack/logger.rb:38:in `call_app'
  railties (4.0.4) lib/rails/rack/logger.rb:20:in `block in call'
  activesupport (4.0.4) lib/active_support/tagged_logging.rb:68:in `block in tagged'
  activesupport (4.0.4) lib/active_support/tagged_logging.rb:26:in `tagged'
  activesupport (4.0.4) lib/active_support/tagged_logging.rb:68:in `tagged'
  railties (4.0.4) lib/rails/rack/logger.rb:20:in `call'
  quiet_assets (1.0.2) lib/quiet_assets.rb:18:in `call_with_quiet_assets'
  actionpack (4.0.4) lib/action_dispatch/middleware/request_id.rb:21:in `call'
  rack (1.5.2) lib/rack/methodoverride.rb:21:in `call'
  rack (1.5.2) lib/rack/runtime.rb:17:in `call'
  activesupport (4.0.4) lib/active_support/cache/strategy/local_cache.rb:83:in `call'
  rack (1.5.2) lib/rack/lock.rb:17:in `call'
  actionpack (4.0.4) lib/action_dispatch/middleware/static.rb:64:in `call'
  rack (1.5.2) lib/rack/sendfile.rb:112:in `call'
  railties (4.0.4) lib/rails/engine.rb:511:in `call'
  railties (4.0.4) lib/rails/application.rb:97:in `call'
  rack (1.5.2) lib/rack/lock.rb:17:in `call'
  rack (1.5.2) lib/rack/content_length.rb:14:in `call'
  rack (1.5.2) lib/rack/handler/webrick.rb:60:in `service'
  /home/polina/.rvm/rubies/ruby-2.1.1/lib/ruby/2.1.0/webrick/httpserver.rb:138:in `service'
  /home/polina/.rvm/rubies/ruby-2.1.1/lib/ruby/2.1.0/webrick/httpserver.rb:94:in `run'
  /home/polina/.rvm/rubies/ruby-2.1.1/lib/ruby/2.1.0/webrick/server.rb:295:in `block in start_thread'


  Rendered /home/polina/.rvm/gems/ruby-2.1.1/gems/actionpack-4.0.4/lib/action_dispatch/middleware/templates/rescues/_source.erb (1.0ms)
  Rendered /home/polina/.rvm/gems/ruby-2.1.1/gems/actionpack-4.0.4/lib/action_dispatch/middleware/templates/rescues/_trace.erb (1.8ms)
  Rendered /home/polina/.rvm/gems/ruby-2.1.1/gems/actionpack-4.0.4/lib/action_dispatch/middleware/templates/rescues/_request_and_response.erb (1.3ms)
  Rendered /home/polina/.rvm/gems/ruby-2.1.1/gems/actionpack-4.0.4/lib/action_dispatch/middleware/templates/rescues/diagnostics.erb within rescues/layout (21.6ms)
  [1m[36m (136.0ms)[0m  [1mCREATE TABLE "schema_migrations" ("version" varchar(255) NOT NULL) [0m
  [1m[35m (132.9ms)[0m  CREATE UNIQUE INDEX "unique_schema_migrations" ON "schema_migrations" ("version")
  [1m[36mActiveRecord::SchemaMigration Load (0.1ms)[0m  [1mSELECT "schema_migrations".* FROM "schema_migrations"[0m
Migrating to CreateGists (20140327134939)
  [1m[35m (0.1ms)[0m  begin transaction
  [1m[36m (0.4ms)[0m  [1mCREATE TABLE "gists" ("id" INTEGER PRIMARY KEY AUTOINCREMENT NOT NULL, "snippet" text, "lang" varchar(255), "description" varchar(255), "created_at" datetime, "updated_at" datetime) [0m
  [1m[35mSQL (0.2ms)[0m  INSERT INTO "schema_migrations" ("version") VALUES (?)  [["version", "20140327134939"]]
  [1m[36m (133.7ms)[0m  [1mcommit transaction[0m
  [1m[35mActiveRecord::SchemaMigration Load (0.1ms)[0m  SELECT "schema_migrations".* FROM "schema_migrations"


Started GET "/" for 127.0.0.1 at 2014-05-13 11:11:22 +0200
  [1m[36mActiveRecord::SchemaMigration Load (0.2ms)[0m  [1mSELECT "schema_migrations".* FROM "schema_migrations"[0m
Processing by GistsController#index as HTML
DEPRECATION WARNING: Calling #find(:all) is deprecated. Please call #all directly instead. (called from search at /home/polina/dupa/my_gist/app/models/gist.rb:9)
DEPRECATION WARNING: Relation#all is deprecated. If you want to eager-load a relation, you can call #load (e.g. `Post.where(published: true).load`). If you want to get an array of records from a relation, you can call #to_a (e.g. `Post.where(published: true).to_a`). (called from search at /home/polina/dupa/my_gist/app/models/gist.rb:9)
  [1m[35mGist Load (0.3ms)[0m  SELECT "gists".* FROM "gists" LIMIT 10 OFFSET 0
  Rendered collection (0.0ms)
  Rendered gists/index.html.erb within layouts/application (4.8ms)
Completed 200 OK in 4289ms (Views: 4268.0ms | ActiveRecord: 0.3ms)


Started GET "/" for 127.0.0.1 at 2014-05-13 11:11:26 +0200
Processing by GistsController#index as HTML
DEPRECATION WARNING: Calling #find(:all) is deprecated. Please call #all directly instead. (called from search at /home/polina/dupa/my_gist/app/models/gist.rb:9)
DEPRECATION WARNING: Relation#all is deprecated. If you want to eager-load a relation, you can call #load (e.g. `Post.where(published: true).load`). If you want to get an array of records from a relation, you can call #to_a (e.g. `Post.where(published: true).to_a`). (called from search at /home/polina/dupa/my_gist/app/models/gist.rb:9)
  [1m[36mGist Load (0.3ms)[0m  [1mSELECT "gists".* FROM "gists" LIMIT 10 OFFSET 0[0m
  Rendered collection (0.0ms)
  Rendered gists/index.html.erb within layouts/application (0.5ms)
Completed 200 OK in 22ms (Views: 17.9ms | ActiveRecord: 0.3ms)


Started GET "/" for 127.0.0.1 at 2014-05-13 11:11:26 +0200
Processing by GistsController#index as HTML
DEPRECATION WARNING: Calling #find(:all) is deprecated. Please call #all directly instead. (called from search at /home/polina/dupa/my_gist/app/models/gist.rb:9)
DEPRECATION WARNING: Relation#all is deprecated. If you want to eager-load a relation, you can call #load (e.g. `Post.where(published: true).load`). If you want to get an array of records from a relation, you can call #to_a (e.g. `Post.where(published: true).to_a`). (called from search at /home/polina/dupa/my_gist/app/models/gist.rb:9)
  [1m[35mGist Load (0.3ms)[0m  SELECT "gists".* FROM "gists" LIMIT 10 OFFSET 0
  Rendered collection (0.0ms)
  Rendered gists/index.html.erb within layouts/application (0.3ms)
Completed 200 OK in 20ms (Views: 15.8ms | ActiveRecord: 0.3ms)


Started GET "/" for 127.0.0.1 at 2014-05-13 11:11:26 +0200
Processing by GistsController#index as HTML
DEPRECATION WARNING: Calling #find(:all) is deprecated. Please call #all directly instead. (called from search at /home/polina/dupa/my_gist/app/models/gist.rb:9)
DEPRECATION WARNING: Relation#all is deprecated. If you want to eager-load a relation, you can call #load (e.g. `Post.where(published: true).load`). If you want to get an array of records from a relation, you can call #to_a (e.g. `Post.where(published: true).to_a`). (called from search at /home/polina/dupa/my_gist/app/models/gist.rb:9)
  [1m[36mGist Load (0.3ms)[0m  [1mSELECT "gists".* FROM "gists" LIMIT 10 OFFSET 0[0m
  Rendered collection (0.0ms)
  Rendered gists/index.html.erb within layouts/application (0.5ms)
Completed 200 OK in 18ms (Views: 14.7ms | ActiveRecord: 0.3ms)


Started GET "/" for 127.0.0.1 at 2014-05-13 11:11:26 +0200
Processing by GistsController#index as HTML
DEPRECATION WARNING: Calling #find(:all) is deprecated. Please call #all directly instead. (called from search at /home/polina/dupa/my_gist/app/models/gist.rb:9)
DEPRECATION WARNING: Relation#all is deprecated. If you want to eager-load a relation, you can call #load (e.g. `Post.where(published: true).load`). If you want to get an array of records from a relation, you can call #to_a (e.g. `Post.where(published: true).to_a`). (called from search at /home/polina/dupa/my_gist/app/models/gist.rb:9)
  [1m[35mGist Load (0.2ms)[0m  SELECT "gists".* FROM "gists" LIMIT 10 OFFSET 0
  Rendered collection (0.0ms)
  Rendered gists/index.html.erb within layouts/application (0.3ms)
Completed 200 OK in 17ms (Views: 14.3ms | ActiveRecord: 0.2ms)


Started GET "/" for 127.0.0.1 at 2014-05-13 11:11:26 +0200
Processing by GistsController#index as HTML
DEPRECATION WARNING: Calling #find(:all) is deprecated. Please call #all directly instead. (called from search at /home/polina/dupa/my_gist/app/models/gist.rb:9)
DEPRECATION WARNING: Relation#all is deprecated. If you want to eager-load a relation, you can call #load (e.g. `Post.where(published: true).load`). If you want to get an array of records from a relation, you can call #to_a (e.g. `Post.where(published: true).to_a`). (called from search at /home/polina/dupa/my_gist/app/models/gist.rb:9)
  [1m[36mGist Load (0.3ms)[0m  [1mSELECT "gists".* FROM "gists" LIMIT 10 OFFSET 0[0m
  Rendered collection (0.0ms)
  Rendered gists/index.html.erb within layouts/application (0.4ms)
Completed 200 OK in 20ms (Views: 17.1ms | ActiveRecord: 0.3ms)


Started GET "/" for 127.0.0.1 at 2014-05-13 11:11:26 +0200
Processing by GistsController#index as HTML
DEPRECATION WARNING: Calling #find(:all) is deprecated. Please call #all directly instead. (called from search at /home/polina/dupa/my_gist/app/models/gist.rb:9)
DEPRECATION WARNING: Relation#all is deprecated. If you want to eager-load a relation, you can call #load (e.g. `Post.where(published: true).load`). If you want to get an array of records from a relation, you can call #to_a (e.g. `Post.where(published: true).to_a`). (called from search at /home/polina/dupa/my_gist/app/models/gist.rb:9)
  [1m[35mGist Load (0.2ms)[0m  SELECT "gists".* FROM "gists" LIMIT 10 OFFSET 0
  Rendered collection (0.0ms)
  Rendered gists/index.html.erb within layouts/application (0.3ms)
Completed 200 OK in 17ms (Views: 14.5ms | ActiveRecord: 0.2ms)


Started GET "/" for 127.0.0.1 at 2014-05-13 11:11:26 +0200
Processing by GistsController#index as HTML
DEPRECATION WARNING: Calling #find(:all) is deprecated. Please call #all directly instead. (called from search at /home/polina/dupa/my_gist/app/models/gist.rb:9)
DEPRECATION WARNING: Relation#all is deprecated. If you want to eager-load a relation, you can call #load (e.g. `Post.where(published: true).load`). If you want to get an array of records from a relation, you can call #to_a (e.g. `Post.where(published: true).to_a`). (called from search at /home/polina/dupa/my_gist/app/models/gist.rb:9)
  [1m[36mGist Load (2.2ms)[0m  [1mSELECT "gists".* FROM "gists" LIMIT 10 OFFSET 0[0m
  Rendered collection (0.0ms)
  Rendered gists/index.html.erb within layouts/application (0.6ms)
Completed 200 OK in 25ms (Views: 19.9ms | ActiveRecord: 2.2ms)


Started GET "/gists/new" for 127.0.0.1 at 2014-05-13 11:11:37 +0200
Processing by GistsController#new as HTML
  Rendered gists/_form.html.erb (82.3ms)
  Rendered gists/new.html.erb within layouts/application (84.1ms)
Completed 200 OK in 102ms (Views: 99.8ms | ActiveRecord: 0.6ms)


Started GET "/" for 127.0.0.1 at 2014-05-13 11:11:41 +0200
Processing by GistsController#index as HTML
DEPRECATION WARNING: Calling #find(:all) is deprecated. Please call #all directly instead. (called from search at /home/polina/dupa/my_gist/app/models/gist.rb:9)
DEPRECATION WARNING: Relation#all is deprecated. If you want to eager-load a relation, you can call #load (e.g. `Post.where(published: true).load`). If you want to get an array of records from a relation, you can call #to_a (e.g. `Post.where(published: true).to_a`). (called from search at /home/polina/dupa/my_gist/app/models/gist.rb:9)
  [1m[35mGist Load (0.3ms)[0m  SELECT "gists".* FROM "gists" LIMIT 10 OFFSET 0
  Rendered collection (0.0ms)
  Rendered gists/index.html.erb within layouts/application (0.6ms)
Completed 200 OK in 25ms (Views: 21.1ms | ActiveRecord: 0.3ms)


Started GET "/gists/new" for 127.0.0.1 at 2014-05-13 11:11:44 +0200
Processing by GistsController#new as HTML
  Rendered gists/_form.html.erb (3.7ms)
  Rendered gists/new.html.erb within layouts/application (4.9ms)
Completed 200 OK in 20ms (Views: 19.3ms | ActiveRecord: 0.0ms)


Started POST "/gists" for 127.0.0.1 at 2014-05-13 11:11:53 +0200
Processing by GistsController#create as HTML
  Parameters: {"utf8"=>"✓", "authenticity_token"=>"+Cb+Lf7qSwDcnSL6cZi/GNZCeeMr1ttlcZZmS1sdZwk=", "gist"=>{"snippet"=>"int i;", "lang"=>"C", "description"=>"zmienna"}, "commit"=>"Create Gist"}
  [1m[36m (0.1ms)[0m  [1mbegin transaction[0m
  [1m[35mSQL (171.0ms)[0m  INSERT INTO "gists" ("created_at", "description", "lang", "snippet", "updated_at") VALUES (?, ?, ?, ?, ?)  [["created_at", Tue, 13 May 2014 09:11:53 UTC +00:00], ["description", "zmienna"], ["lang", "C"], ["snippet", "int i;"], ["updated_at", Tue, 13 May 2014 09:11:53 UTC +00:00]]
  [1m[36m (203.7ms)[0m  [1mcommit transaction[0m
Redirected to http://localhost:3000/gists/1
Completed 302 Found in 382ms (ActiveRecord: 374.9ms)


Started GET "/gists/1" for 127.0.0.1 at 2014-05-13 11:11:53 +0200
Processing by GistsController#show as HTML
  Parameters: {"id"=>"1"}
  [1m[35mGist Load (0.4ms)[0m  SELECT "gists".* FROM "gists" WHERE "gists"."id" = ? LIMIT 1  [["id", "1"]]
  Rendered gists/show.html.erb within layouts/application (127.1ms)
Completed 200 OK in 149ms (Views: 146.2ms | ActiveRecord: 0.4ms)


Started GET "/gists" for 127.0.0.1 at 2014-05-13 11:12:00 +0200
Processing by GistsController#index as HTML
DEPRECATION WARNING: Calling #find(:all) is deprecated. Please call #all directly instead. (called from search at /home/polina/dupa/my_gist/app/models/gist.rb:9)
DEPRECATION WARNING: Relation#all is deprecated. If you want to eager-load a relation, you can call #load (e.g. `Post.where(published: true).load`). If you want to get an array of records from a relation, you can call #to_a (e.g. `Post.where(published: true).to_a`). (called from search at /home/polina/dupa/my_gist/app/models/gist.rb:9)
  [1m[36mGist Load (0.3ms)[0m  [1mSELECT "gists".* FROM "gists" LIMIT 10 OFFSET 0[0m
  Rendered gists/_gist.html.erb (16.3ms)
  Rendered gists/index.html.erb within layouts/application (17.7ms)
Completed 200 OK in 36ms (Views: 33.5ms | ActiveRecord: 0.3ms)


Started GET "/gists" for 127.0.0.1 at 2014-05-13 11:12:00 +0200
Processing by GistsController#index as HTML
DEPRECATION WARNING: Calling #find(:all) is deprecated. Please call #all directly instead. (called from search at /home/polina/dupa/my_gist/app/models/gist.rb:9)
DEPRECATION WARNING: Relation#all is deprecated. If you want to eager-load a relation, you can call #load (e.g. `Post.where(published: true).load`). If you want to get an array of records from a relation, you can call #to_a (e.g. `Post.where(published: true).to_a`). (called from search at /home/polina/dupa/my_gist/app/models/gist.rb:9)
  [1m[35mGist Load (0.3ms)[0m  SELECT "gists".* FROM "gists" LIMIT 10 OFFSET 0
  Rendered gists/_gist.html.erb (4.9ms)
  Rendered gists/index.html.erb within layouts/application (5.8ms)
Completed 200 OK in 24ms (Views: 20.7ms | ActiveRecord: 0.3ms)
  [1m[36mActiveRecord::SchemaMigration Load (0.2ms)[0m  [1mSELECT "schema_migrations".* FROM "schema_migrations"[0m
  [1m[35m (0.1ms)[0m  begin transaction
  [1m[36mSQL (3.8ms)[0m  [1mINSERT INTO "gists" ("created_at", "description", "lang", "snippet", "updated_at") VALUES (?, ?, ?, ?, ?)[0m  [["created_at", Tue, 13 May 2014 09:13:26 UTC +00:00], ["description", "abc"], ["lang", "java"], ["snippet", "Post 0"], ["updated_at", Tue, 13 May 2014 09:13:26 UTC +00:00]]
  [1m[35m (131.9ms)[0m  commit transaction
  [1m[36m (0.1ms)[0m  [1mbegin transaction[0m
  [1m[35mSQL (0.3ms)[0m  INSERT INTO "gists" ("created_at", "description", "lang", "snippet", "updated_at") VALUES (?, ?, ?, ?, ?)  [["created_at", Tue, 13 May 2014 09:13:26 UTC +00:00], ["description", "abc"], ["lang", "java"], ["snippet", "Post 1"], ["updated_at", Tue, 13 May 2014 09:13:26 UTC +00:00]]
  [1m[36m (131.7ms)[0m  [1mcommit transaction[0m
  [1m[35m (0.1ms)[0m  begin transaction
  [1m[36mSQL (0.3ms)[0m  [1mINSERT INTO "gists" ("created_at", "description", "lang", "snippet", "updated_at") VALUES (?, ?, ?, ?, ?)[0m  [["created_at", Tue, 13 May 2014 09:13:27 UTC +00:00], ["description", "abc"], ["lang", "java"], ["snippet", "Post 2"], ["updated_at", Tue, 13 May 2014 09:13:27 UTC +00:00]]
  [1m[35m (131.9ms)[0m  commit transaction
  [1m[36m (0.1ms)[0m  [1mbegin transaction[0m
  [1m[35mSQL (0.3ms)[0m  INSERT INTO "gists" ("created_at", "description", "lang", "snippet", "updated_at") VALUES (?, ?, ?, ?, ?)  [["created_at", Tue, 13 May 2014 09:13:27 UTC +00:00], ["description", "abc"], ["lang", "java"], ["snippet", "Post 3"], ["updated_at", Tue, 13 May 2014 09:13:27 UTC +00:00]]
  [1m[36m (132.1ms)[0m  [1mcommit transaction[0m
  [1m[35m (0.1ms)[0m  begin transaction
  [1m[36mSQL (0.4ms)[0m  [1mINSERT INTO "gists" ("created_at", "description", "lang", "snippet", "updated_at") VALUES (?, ?, ?, ?, ?)[0m  [["created_at", Tue, 13 May 2014 09:13:27 UTC +00:00], ["description", "abc"], ["lang", "java"], ["snippet", "Post 4"], ["updated_at", Tue, 13 May 2014 09:13:27 UTC +00:00]]
  [1m[35m (132.8ms)[0m  commit transaction
  [1m[36m (0.1ms)[0m  [1mbegin transaction[0m
  [1m[35mSQL (0.3ms)[0m  INSERT INTO "gists" ("created_at", "description", "lang", "snippet", "updated_at") VALUES (?, ?, ?, ?, ?)  [["created_at", Tue, 13 May 2014 09:13:27 UTC +00:00], ["description", "abc"], ["lang", "java"], ["snippet", "Post 5"], ["updated_at", Tue, 13 May 2014 09:13:27 UTC +00:00]]
  [1m[36m (132.0ms)[0m  [1mcommit transaction[0m
  [1m[35m (0.1ms)[0m  begin transaction
  [1m[36mSQL (0.3ms)[0m  [1mINSERT INTO "gists" ("created_at", "description", "lang", "snippet", "updated_at") VALUES (?, ?, ?, ?, ?)[0m  [["created_at", Tue, 13 May 2014 09:13:27 UTC +00:00], ["description", "abc"], ["lang", "java"], ["snippet", "Post 6"], ["updated_at", Tue, 13 May 2014 09:13:27 UTC +00:00]]
  [1m[35m (121.0ms)[0m  commit transaction
  [1m[36m (0.1ms)[0m  [1mbegin transaction[0m
  [1m[35mSQL (0.3ms)[0m  INSERT INTO "gists" ("created_at", "description", "lang", "snippet", "updated_at") VALUES (?, ?, ?, ?, ?)  [["created_at", Tue, 13 May 2014 09:13:27 UTC +00:00], ["description", "abc"], ["lang", "java"], ["snippet", "Post 7"], ["updated_at", Tue, 13 May 2014 09:13:27 UTC +00:00]]
  [1m[36m (132.1ms)[0m  [1mcommit transaction[0m
  [1m[35m (0.1ms)[0m  begin transaction
  [1m[36mSQL (0.3ms)[0m  [1mINSERT INTO "gists" ("created_at", "description", "lang", "snippet", "updated_at") VALUES (?, ?, ?, ?, ?)[0m  [["created_at", Tue, 13 May 2014 09:13:27 UTC +00:00], ["description", "abc"], ["lang", "java"], ["snippet", "Post 8"], ["updated_at", Tue, 13 May 2014 09:13:27 UTC +00:00]]
  [1m[35m (132.0ms)[0m  commit transaction
  [1m[36m (0.1ms)[0m  [1mbegin transaction[0m
  [1m[35mSQL (0.3ms)[0m  INSERT INTO "gists" ("created_at", "description", "lang", "snippet", "updated_at") VALUES (?, ?, ?, ?, ?)  [["created_at", Tue, 13 May 2014 09:13:27 UTC +00:00], ["description", "abc"], ["lang", "java"], ["snippet", "Post 9"], ["updated_at", Tue, 13 May 2014 09:13:27 UTC +00:00]]
  [1m[36m (131.6ms)[0m  [1mcommit transaction[0m
  [1m[35m (0.1ms)[0m  begin transaction
  [1m[36mSQL (0.3ms)[0m  [1mINSERT INTO "gists" ("created_at", "description", "lang", "snippet", "updated_at") VALUES (?, ?, ?, ?, ?)[0m  [["created_at", Tue, 13 May 2014 09:13:28 UTC +00:00], ["description", "abc"], ["lang", "java"], ["snippet", "Post 10"], ["updated_at", Tue, 13 May 2014 09:13:28 UTC +00:00]]
  [1m[35m (154.0ms)[0m  commit transaction
  [1m[36m (0.1ms)[0m  [1mbegin transaction[0m
  [1m[35mSQL (0.3ms)[0m  INSERT INTO "gists" ("created_at", "description", "lang", "snippet", "updated_at") VALUES (?, ?, ?, ?, ?)  [["created_at", Tue, 13 May 2014 09:13:28 UTC +00:00], ["description", "abc"], ["lang", "java"], ["snippet", "Post 11"], ["updated_at", Tue, 13 May 2014 09:13:28 UTC +00:00]]
  [1m[36m (131.9ms)[0m  [1mcommit transaction[0m
  [1m[35m (0.1ms)[0m  begin transaction
  [1m[36mSQL (0.3ms)[0m  [1mINSERT INTO "gists" ("created_at", "description", "lang", "snippet", "updated_at") VALUES (?, ?, ?, ?, ?)[0m  [["created_at", Tue, 13 May 2014 09:13:28 UTC +00:00], ["description", "abc"], ["lang", "java"], ["snippet", "Post 12"], ["updated_at", Tue, 13 May 2014 09:13:28 UTC +00:00]]
  [1m[35m (144.4ms)[0m  commit transaction
  [1m[36m (0.1ms)[0m  [1mbegin transaction[0m
  [1m[35mSQL (0.3ms)[0m  INSERT INTO "gists" ("created_at", "description", "lang", "snippet", "updated_at") VALUES (?, ?, ?, ?, ?)  [["created_at", Tue, 13 May 2014 09:13:28 UTC +00:00], ["description", "abc"], ["lang", "java"], ["snippet", "Post 13"], ["updated_at", Tue, 13 May 2014 09:13:28 UTC +00:00]]
  [1m[36m (131.6ms)[0m  [1mcommit transaction[0m
  [1m[35m (0.1ms)[0m  begin transaction
  [1m[36mSQL (0.3ms)[0m  [1mINSERT INTO "gists" ("created_at", "description", "lang", "snippet", "updated_at") VALUES (?, ?, ?, ?, ?)[0m  [["created_at", Tue, 13 May 2014 09:13:28 UTC +00:00], ["description", "abc"], ["lang", "java"], ["snippet", "Post 14"], ["updated_at", Tue, 13 May 2014 09:13:28 UTC +00:00]]
  [1m[35m (132.0ms)[0m  commit transaction
  [1m[36m (0.1ms)[0m  [1mbegin transaction[0m
  [1m[35mSQL (0.3ms)[0m  INSERT INTO "gists" ("created_at", "description", "lang", "snippet", "updated_at") VALUES (?, ?, ?, ?, ?)  [["created_at", Tue, 13 May 2014 09:13:28 UTC +00:00], ["description", "abc"], ["lang", "java"], ["snippet", "Post 15"], ["updated_at", Tue, 13 May 2014 09:13:28 UTC +00:00]]
  [1m[36m (132.0ms)[0m  [1mcommit transaction[0m
  [1m[35m (0.1ms)[0m  begin transaction
  [1m[36mSQL (0.3ms)[0m  [1mINSERT INTO "gists" ("created_at", "description", "lang", "snippet", "updated_at") VALUES (?, ?, ?, ?, ?)[0m  [["created_at", Tue, 13 May 2014 09:13:28 UTC +00:00], ["description", "abc"], ["lang", "java"], ["snippet", "Post 16"], ["updated_at", Tue, 13 May 2014 09:13:28 UTC +00:00]]
  [1m[35m (131.9ms)[0m  commit transaction
  [1m[36m (0.1ms)[0m  [1mbegin transaction[0m
  [1m[35mSQL (0.3ms)[0m  INSERT INTO "gists" ("created_at", "description", "lang", "snippet", "updated_at") VALUES (?, ?, ?, ?, ?)  [["created_at", Tue, 13 May 2014 09:13:29 UTC +00:00], ["description", "abc"], ["lang", "java"], ["snippet", "Post 17"], ["updated_at", Tue, 13 May 2014 09:13:29 UTC +00:00]]
  [1m[36m (132.1ms)[0m  [1mcommit transaction[0m
  [1m[35m (0.1ms)[0m  begin transaction
  [1m[36mSQL (0.3ms)[0m  [1mINSERT INTO "gists" ("created_at", "description", "lang", "snippet", "updated_at") VALUES (?, ?, ?, ?, ?)[0m  [["created_at", Tue, 13 May 2014 09:13:29 UTC +00:00], ["description", "abc"], ["lang", "java"], ["snippet", "Post 18"], ["updated_at", Tue, 13 May 2014 09:13:29 UTC +00:00]]
  [1m[35m (131.5ms)[0m  commit transaction
  [1m[36m (0.1ms)[0m  [1mbegin transaction[0m
  [1m[35mSQL (0.3ms)[0m  INSERT INTO "gists" ("created_at", "description", "lang", "snippet", "updated_at") VALUES (?, ?, ?, ?, ?)  [["created_at", Tue, 13 May 2014 09:13:29 UTC +00:00], ["description", "abc"], ["lang", "java"], ["snippet", "Post 19"], ["updated_at", Tue, 13 May 2014 09:13:29 UTC +00:00]]
  [1m[36m (133.0ms)[0m  [1mcommit transaction[0m
  [1m[35m (0.1ms)[0m  begin transaction
  [1m[36mSQL (0.3ms)[0m  [1mINSERT INTO "gists" ("created_at", "description", "lang", "snippet", "updated_at") VALUES (?, ?, ?, ?, ?)[0m  [["created_at", Tue, 13 May 2014 09:13:29 UTC +00:00], ["description", "abc"], ["lang", "java"], ["snippet", "Post 20"], ["updated_at", Tue, 13 May 2014 09:13:29 UTC +00:00]]
  [1m[35m (132.1ms)[0m  commit transaction
  [1m[36m (0.1ms)[0m  [1mbegin transaction[0m
  [1m[35mSQL (0.3ms)[0m  INSERT INTO "gists" ("created_at", "description", "lang", "snippet", "updated_at") VALUES (?, ?, ?, ?, ?)  [["created_at", Tue, 13 May 2014 09:13:29 UTC +00:00], ["description", "abc"], ["lang", "java"], ["snippet", "Post 21"], ["updated_at", Tue, 13 May 2014 09:13:29 UTC +00:00]]
  [1m[36m (132.0ms)[0m  [1mcommit transaction[0m
  [1m[35m (0.1ms)[0m  begin transaction
  [1m[36mSQL (0.3ms)[0m  [1mINSERT INTO "gists" ("created_at", "description", "lang", "snippet", "updated_at") VALUES (?, ?, ?, ?, ?)[0m  [["created_at", Tue, 13 May 2014 09:13:29 UTC +00:00], ["description", "abc"], ["lang", "java"], ["snippet", "Post 22"], ["updated_at", Tue, 13 May 2014 09:13:29 UTC +00:00]]
  [1m[35m (131.6ms)[0m  commit transaction
  [1m[36m (0.1ms)[0m  [1mbegin transaction[0m
  [1m[35mSQL (0.3ms)[0m  INSERT INTO "gists" ("created_at", "description", "lang", "snippet", "updated_at") VALUES (?, ?, ?, ?, ?)  [["created_at", Tue, 13 May 2014 09:13:29 UTC +00:00], ["description", "abc"], ["lang", "java"], ["snippet", "Post 23"], ["updated_at", Tue, 13 May 2014 09:13:29 UTC +00:00]]
  [1m[36m (132.0ms)[0m  [1mcommit transaction[0m
  [1m[35m (0.1ms)[0m  begin transaction
  [1m[36mSQL (0.3ms)[0m  [1mINSERT INTO "gists" ("created_at", "description", "lang", "snippet", "updated_at") VALUES (?, ?, ?, ?, ?)[0m  [["created_at", Tue, 13 May 2014 09:13:30 UTC +00:00], ["description", "abc"], ["lang", "java"], ["snippet", "Post 24"], ["updated_at", Tue, 13 May 2014 09:13:30 UTC +00:00]]
  [1m[35m (132.0ms)[0m  commit transaction
  [1m[36m (0.1ms)[0m  [1mbegin transaction[0m
  [1m[35mSQL (0.3ms)[0m  INSERT INTO "gists" ("created_at", "description", "lang", "snippet", "updated_at") VALUES (?, ?, ?, ?, ?)  [["created_at", Tue, 13 May 2014 09:13:30 UTC +00:00], ["description", "abc"], ["lang", "java"], ["snippet", "Post 25"], ["updated_at", Tue, 13 May 2014 09:13:30 UTC +00:00]]
  [1m[36m (132.0ms)[0m  [1mcommit transaction[0m
  [1m[35m (0.1ms)[0m  begin transaction
  [1m[36mSQL (0.3ms)[0m  [1mINSERT INTO "gists" ("created_at", "description", "lang", "snippet", "updated_at") VALUES (?, ?, ?, ?, ?)[0m  [["created_at", Tue, 13 May 2014 09:13:30 UTC +00:00], ["description", "abc"], ["lang", "java"], ["snippet", "Post 26"], ["updated_at", Tue, 13 May 2014 09:13:30 UTC +00:00]]
  [1m[35m (144.3ms)[0m  commit transaction
  [1m[36m (0.1ms)[0m  [1mbegin transaction[0m
  [1m[35mSQL (0.3ms)[0m  INSERT INTO "gists" ("created_at", "description", "lang", "snippet", "updated_at") VALUES (?, ?, ?, ?, ?)  [["created_at", Tue, 13 May 2014 09:13:30 UTC +00:00], ["description", "abc"], ["lang", "java"], ["snippet", "Post 27"], ["updated_at", Tue, 13 May 2014 09:13:30 UTC +00:00]]
  [1m[36m (131.7ms)[0m  [1mcommit transaction[0m
  [1m[35m (0.1ms)[0m  begin transaction
  [1m[36mSQL (0.3ms)[0m  [1mINSERT INTO "gists" ("created_at", "description", "lang", "snippet", "updated_at") VALUES (?, ?, ?, ?, ?)[0m  [["created_at", Tue, 13 May 2014 09:13:30 UTC +00:00], ["description", "abc"], ["lang", "java"], ["snippet", "Post 28"], ["updated_at", Tue, 13 May 2014 09:13:30 UTC +00:00]]
  [1m[35m (131.9ms)[0m  commit transaction
  [1m[36m (0.1ms)[0m  [1mbegin transaction[0m
  [1m[35mSQL (0.3ms)[0m  INSERT INTO "gists" ("created_at", "description", "lang", "snippet", "updated_at") VALUES (?, ?, ?, ?, ?)  [["created_at", Tue, 13 May 2014 09:13:30 UTC +00:00], ["description", "abc"], ["lang", "java"], ["snippet", "Post 29"], ["updated_at", Tue, 13 May 2014 09:13:30 UTC +00:00]]
  [1m[36m (132.0ms)[0m  [1mcommit transaction[0m
  [1m[35m (0.1ms)[0m  begin transaction
  [1m[36mSQL (0.3ms)[0m  [1mINSERT INTO "gists" ("created_at", "description", "lang", "snippet", "updated_at") VALUES (?, ?, ?, ?, ?)[0m  [["created_at", Tue, 13 May 2014 09:13:30 UTC +00:00], ["description", "abc"], ["lang", "java"], ["snippet", "Post 30"], ["updated_at", Tue, 13 May 2014 09:13:30 UTC +00:00]]
  [1m[35m (132.1ms)[0m  commit transaction
  [1m[36m (0.1ms)[0m  [1mbegin transaction[0m
  [1m[35mSQL (0.3ms)[0m  INSERT INTO "gists" ("created_at", "description", "lang", "snippet", "updated_at") VALUES (?, ?, ?, ?, ?)  [["created_at", Tue, 13 May 2014 09:13:30 UTC +00:00], ["description", "abc"], ["lang", "java"], ["snippet", "Post 31"], ["updated_at", Tue, 13 May 2014 09:13:30 UTC +00:00]]
  [1m[36m (131.7ms)[0m  [1mcommit transaction[0m
  [1m[35m (0.1ms)[0m  begin transaction
  [1m[36mSQL (0.3ms)[0m  [1mINSERT INTO "gists" ("created_at", "description", "lang", "snippet", "updated_at") VALUES (?, ?, ?, ?, ?)[0m  [["created_at", Tue, 13 May 2014 09:13:31 UTC +00:00], ["description", "abc"], ["lang", "java"], ["snippet", "Post 32"], ["updated_at", Tue, 13 May 2014 09:13:31 UTC +00:00]]
  [1m[35m (132.0ms)[0m  commit transaction
  [1m[36m (0.1ms)[0m  [1mbegin transaction[0m
  [1m[35mSQL (0.3ms)[0m  INSERT INTO "gists" ("created_at", "description", "lang", "snippet", "updated_at") VALUES (?, ?, ?, ?, ?)  [["created_at", Tue, 13 May 2014 09:13:31 UTC +00:00], ["description", "abc"], ["lang", "java"], ["snippet", "Post 33"], ["updated_at", Tue, 13 May 2014 09:13:31 UTC +00:00]]
  [1m[36m (144.3ms)[0m  [1mcommit transaction[0m
  [1m[35m (0.1ms)[0m  begin transaction
  [1m[36mSQL (0.3ms)[0m  [1mINSERT INTO "gists" ("created_at", "description", "lang", "snippet", "updated_at") VALUES (?, ?, ?, ?, ?)[0m  [["created_at", Tue, 13 May 2014 09:13:31 UTC +00:00], ["description", "abc"], ["lang", "java"], ["snippet", "Post 34"], ["updated_at", Tue, 13 May 2014 09:13:31 UTC +00:00]]
  [1m[35m (131.8ms)[0m  commit transaction
  [1m[36m (0.1ms)[0m  [1mbegin transaction[0m
  [1m[35mSQL (0.4ms)[0m  INSERT INTO "gists" ("created_at", "description", "lang", "snippet", "updated_at") VALUES (?, ?, ?, ?, ?)  [["created_at", Tue, 13 May 2014 09:13:31 UTC +00:00], ["description", "abc"], ["lang", "java"], ["snippet", "Post 35"], ["updated_at", Tue, 13 May 2014 09:13:31 UTC +00:00]]
  [1m[36m (131.6ms)[0m  [1mcommit transaction[0m
  [1m[35m (0.1ms)[0m  begin transaction
  [1m[36mSQL (0.3ms)[0m  [1mINSERT INTO "gists" ("created_at", "description", "lang", "snippet", "updated_at") VALUES (?, ?, ?, ?, ?)[0m  [["created_at", Tue, 13 May 2014 09:13:31 UTC +00:00], ["description", "abc"], ["lang", "java"], ["snippet", "Post 36"], ["updated_at", Tue, 13 May 2014 09:13:31 UTC +00:00]]
  [1m[35m (131.9ms)[0m  commit transaction
  [1m[36m (0.1ms)[0m  [1mbegin transaction[0m
  [1m[35mSQL (0.3ms)[0m  INSERT INTO "gists" ("created_at", "description", "lang", "snippet", "updated_at") VALUES (?, ?, ?, ?, ?)  [["created_at", Tue, 13 May 2014 09:13:31 UTC +00:00], ["description", "abc"], ["lang", "java"], ["snippet", "Post 37"], ["updated_at", Tue, 13 May 2014 09:13:31 UTC +00:00]]
  [1m[36m (132.1ms)[0m  [1mcommit transaction[0m
  [1m[35m (0.1ms)[0m  begin transaction
  [1m[36mSQL (0.3ms)[0m  [1mINSERT INTO "gists" ("created_at", "description", "lang", "snippet", "updated_at") VALUES (?, ?, ?, ?, ?)[0m  [["created_at", Tue, 13 May 2014 09:13:31 UTC +00:00], ["description", "abc"], ["lang", "java"], ["snippet", "Post 38"], ["updated_at", Tue, 13 May 2014 09:13:31 UTC +00:00]]
  [1m[35m (143.1ms)[0m  commit transaction
  [1m[36m (0.1ms)[0m  [1mbegin transaction[0m
  [1m[35mSQL (0.3ms)[0m  INSERT INTO "gists" ("created_at", "description", "lang", "snippet", "updated_at") VALUES (?, ?, ?, ?, ?)  [["created_at", Tue, 13 May 2014 09:13:32 UTC +00:00], ["description", "abc"], ["lang", "java"], ["snippet", "Post 39"], ["updated_at", Tue, 13 May 2014 09:13:32 UTC +00:00]]
  [1m[36m (132.0ms)[0m  [1mcommit transaction[0m
  [1m[35m (0.1ms)[0m  begin transaction
  [1m[36mSQL (0.3ms)[0m  [1mINSERT INTO "gists" ("created_at", "description", "lang", "snippet", "updated_at") VALUES (?, ?, ?, ?, ?)[0m  [["created_at", Tue, 13 May 2014 09:13:32 UTC +00:00], ["description", "abc"], ["lang", "java"], ["snippet", "Post 40"], ["updated_at", Tue, 13 May 2014 09:13:32 UTC +00:00]]
  [1m[35m (142.7ms)[0m  commit transaction
  [1m[36m (0.1ms)[0m  [1mbegin transaction[0m
  [1m[35mSQL (0.3ms)[0m  INSERT INTO "gists" ("created_at", "description", "lang", "snippet", "updated_at") VALUES (?, ?, ?, ?, ?)  [["created_at", Tue, 13 May 2014 09:13:32 UTC +00:00], ["description", "abc"], ["lang", "java"], ["snippet", "Post 41"], ["updated_at", Tue, 13 May 2014 09:13:32 UTC +00:00]]
  [1m[36m (155.3ms)[0m  [1mcommit transaction[0m
  [1m[35m (0.1ms)[0m  begin transaction
  [1m[36mSQL (0.3ms)[0m  [1mINSERT INTO "gists" ("created_at", "description", "lang", "snippet", "updated_at") VALUES (?, ?, ?, ?, ?)[0m  [["created_at", Tue, 13 May 2014 09:13:32 UTC +00:00], ["description", "abc"], ["lang", "java"], ["snippet", "Post 42"], ["updated_at", Tue, 13 May 2014 09:13:32 UTC +00:00]]
  [1m[35m (143.0ms)[0m  commit transaction
  [1m[36m (0.1ms)[0m  [1mbegin transaction[0m
  [1m[35mSQL (0.3ms)[0m  INSERT INTO "gists" ("created_at", "description", "lang", "snippet", "updated_at") VALUES (?, ?, ?, ?, ?)  [["created_at", Tue, 13 May 2014 09:13:32 UTC +00:00], ["description", "abc"], ["lang", "java"], ["snippet", "Post 43"], ["updated_at", Tue, 13 May 2014 09:13:32 UTC +00:00]]
  [1m[36m (143.1ms)[0m  [1mcommit transaction[0m
  [1m[35m (0.1ms)[0m  begin transaction
  [1m[36mSQL (0.3ms)[0m  [1mINSERT INTO "gists" ("created_at", "description", "lang", "snippet", "updated_at") VALUES (?, ?, ?, ?, ?)[0m  [["created_at", Tue, 13 May 2014 09:13:32 UTC +00:00], ["description", "abc"], ["lang", "java"], ["snippet", "Post 44"], ["updated_at", Tue, 13 May 2014 09:13:32 UTC +00:00]]
  [1m[35m (142.6ms)[0m  commit transaction
  [1m[36m (0.1ms)[0m  [1mbegin transaction[0m
  [1m[35mSQL (0.3ms)[0m  INSERT INTO "gists" ("created_at", "description", "lang", "snippet", "updated_at") VALUES (?, ?, ?, ?, ?)  [["created_at", Tue, 13 May 2014 09:13:32 UTC +00:00], ["description", "abc"], ["lang", "java"], ["snippet", "Post 45"], ["updated_at", Tue, 13 May 2014 09:13:32 UTC +00:00]]
  [1m[36m (132.1ms)[0m  [1mcommit transaction[0m
  [1m[35m (0.1ms)[0m  begin transaction
  [1m[36mSQL (0.3ms)[0m  [1mINSERT INTO "gists" ("created_at", "description", "lang", "snippet", "updated_at") VALUES (?, ?, ?, ?, ?)[0m  [["created_at", Tue, 13 May 2014 09:13:33 UTC +00:00], ["description", "abc"], ["lang", "java"], ["snippet", "Post 46"], ["updated_at", Tue, 13 May 2014 09:13:33 UTC +00:00]]
  [1m[35m (143.0ms)[0m  commit transaction
  [1m[36m (0.1ms)[0m  [1mbegin transaction[0m
  [1m[35mSQL (0.3ms)[0m  INSERT INTO "gists" ("created_at", "description", "lang", "snippet", "updated_at") VALUES (?, ?, ?, ?, ?)  [["created_at", Tue, 13 May 2014 09:13:33 UTC +00:00], ["description", "abc"], ["lang", "java"], ["snippet", "Post 47"], ["updated_at", Tue, 13 May 2014 09:13:33 UTC +00:00]]
  [1m[36m (143.0ms)[0m  [1mcommit transaction[0m
  [1m[35m (0.1ms)[0m  begin transaction
  [1m[36mSQL (0.3ms)[0m  [1mINSERT INTO "gists" ("created_at", "description", "lang", "snippet", "updated_at") VALUES (?, ?, ?, ?, ?)[0m  [["created_at", Tue, 13 May 2014 09:13:33 UTC +00:00], ["description", "abc"], ["lang", "java"], ["snippet", "Post 48"], ["updated_at", Tue, 13 May 2014 09:13:33 UTC +00:00]]
  [1m[35m (144.0ms)[0m  commit transaction
  [1m[36m (0.1ms)[0m  [1mbegin transaction[0m
  [1m[35mSQL (0.3ms)[0m  INSERT INTO "gists" ("created_at", "description", "lang", "snippet", "updated_at") VALUES (?, ?, ?, ?, ?)  [["created_at", Tue, 13 May 2014 09:13:33 UTC +00:00], ["description", "abc"], ["lang", "java"], ["snippet", "Post 49"], ["updated_at", Tue, 13 May 2014 09:13:33 UTC +00:00]]
  [1m[36m (143.1ms)[0m  [1mcommit transaction[0m


Started GET "/gists" for 127.0.0.1 at 2014-05-13 11:13:43 +0200
  [1m[36mActiveRecord::SchemaMigration Load (0.2ms)[0m  [1mSELECT "schema_migrations".* FROM "schema_migrations"[0m
Processing by GistsController#index as HTML
DEPRECATION WARNING: Calling #find(:all) is deprecated. Please call #all directly instead. (called from search at /home/polina/dupa/my_gist/app/models/gist.rb:9)
DEPRECATION WARNING: Relation#all is deprecated. If you want to eager-load a relation, you can call #load (e.g. `Post.where(published: true).load`). If you want to get an array of records from a relation, you can call #to_a (e.g. `Post.where(published: true).to_a`). (called from search at /home/polina/dupa/my_gist/app/models/gist.rb:9)
  [1m[35mGist Load (0.4ms)[0m  SELECT "gists".* FROM "gists" LIMIT 10 OFFSET 0
  [1m[36m (0.3ms)[0m  [1mSELECT COUNT(*) FROM "gists"[0m
  Rendered gists/_gist.html.erb (268.2ms)
  Rendered gists/index.html.erb within layouts/application (286.3ms)
Completed 200 OK in 481ms (Views: 450.2ms | ActiveRecord: 1.1ms)
  [1m[36mActiveRecord::SchemaMigration Load (0.2ms)[0m  [1mSELECT "schema_migrations".* FROM "schema_migrations"[0m
Migrating to CreateUsers (20140513152947)
  [1m[35m (0.1ms)[0m  begin transaction
  [1m[36m (0.5ms)[0m  [1mCREATE TABLE "users" ("id" INTEGER PRIMARY KEY AUTOINCREMENT NOT NULL, "provider" varchar(255), "uid" varchar(255), "name" varchar(255), "oauth_token" varchar(255), "oauth_expires_at" datetime, "created_at" datetime, "updated_at" datetime) [0m
  [1m[35mSQL (0.3ms)[0m  INSERT INTO "schema_migrations" ("version") VALUES (?)  [["version", "20140513152947"]]
  [1m[36m (238.6ms)[0m  [1mcommit transaction[0m
  [1m[35mActiveRecord::SchemaMigration Load (0.1ms)[0m  SELECT "schema_migrations".* FROM "schema_migrations"


Started GET "/gists/" for 127.0.0.1 at 2014-05-13 17:53:07 +0200
  [1m[36mActiveRecord::SchemaMigration Load (0.2ms)[0m  [1mSELECT "schema_migrations".* FROM "schema_migrations"[0m
Processing by GistsController#index as HTML
DEPRECATION WARNING: Calling #find(:all) is deprecated. Please call #all directly instead. (called from search at /home/polina/dupa/my_gist/app/models/gist.rb:9)
DEPRECATION WARNING: Relation#all is deprecated. If you want to eager-load a relation, you can call #load (e.g. `Post.where(published: true).load`). If you want to get an array of records from a relation, you can call #to_a (e.g. `Post.where(published: true).to_a`). (called from search at /home/polina/dupa/my_gist/app/models/gist.rb:9)
  [1m[35mGist Load (0.4ms)[0m  SELECT "gists".* FROM "gists" LIMIT 10 OFFSET 0
  [1m[36m (0.2ms)[0m  [1mSELECT COUNT(*) FROM "gists"[0m
  Rendered gists/_gist.html.erb (353.8ms)
  Rendered gists/index.html.erb within layouts/application (375.7ms)
Completed 200 OK in 571ms (Views: 540.7ms | ActiveRecord: 1.0ms)


Started GET "/auth/github" for 127.0.0.1 at 2014-05-13 17:53:11 +0200
(github) Request phase initiated.


Started GET "/auth/github" for 127.0.0.1 at 2014-05-13 17:53:11 +0200
(github) Request phase initiated.


Started GET "/gists/" for 127.0.0.1 at 2014-05-13 17:56:51 +0200
  [1m[36mActiveRecord::SchemaMigration Load (0.2ms)[0m  [1mSELECT "schema_migrations".* FROM "schema_migrations"[0m
Processing by GistsController#index as HTML
DEPRECATION WARNING: Calling #find(:all) is deprecated. Please call #all directly instead. (called from search at /home/polina/dupa/my_gist/app/models/gist.rb:9)
DEPRECATION WARNING: Relation#all is deprecated. If you want to eager-load a relation, you can call #load (e.g. `Post.where(published: true).load`). If you want to get an array of records from a relation, you can call #to_a (e.g. `Post.where(published: true).to_a`). (called from search at /home/polina/dupa/my_gist/app/models/gist.rb:9)
  [1m[35mGist Load (0.4ms)[0m  SELECT "gists".* FROM "gists" LIMIT 10 OFFSET 0
  [1m[36m (0.2ms)[0m  [1mSELECT COUNT(*) FROM "gists"[0m
  Rendered gists/_gist.html.erb (276.8ms)
  Rendered gists/index.html.erb within layouts/application (293.1ms)
Completed 200 OK in 488ms (Views: 458.4ms | ActiveRecord: 1.0ms)


Started GET "/auth/github" for 127.0.0.1 at 2014-05-13 17:56:53 +0200
(github) Request phase initiated.


Started GET "/auth/github" for 127.0.0.1 at 2014-05-13 17:56:53 +0200
(github) Request phase initiated.


Started GET "/gists/" for 127.0.0.1 at 2014-05-13 17:59:17 +0200
Processing by GistsController#index as HTML
DEPRECATION WARNING: Calling #find(:all) is deprecated. Please call #all directly instead. (called from search at /home/polina/dupa/my_gist/app/models/gist.rb:9)
DEPRECATION WARNING: Relation#all is deprecated. If you want to eager-load a relation, you can call #load (e.g. `Post.where(published: true).load`). If you want to get an array of records from a relation, you can call #to_a (e.g. `Post.where(published: true).to_a`). (called from search at /home/polina/dupa/my_gist/app/models/gist.rb:9)
  [1m[35mGist Load (0.4ms)[0m  SELECT "gists".* FROM "gists" LIMIT 10 OFFSET 0
  [1m[36m (0.2ms)[0m  [1mSELECT COUNT(*) FROM "gists"[0m
  Rendered gists/_gist.html.erb (57.5ms)
  Rendered gists/index.html.erb within layouts/application (63.5ms)
Completed 200 OK in 85ms (Views: 79.9ms | ActiveRecord: 0.6ms)


Started GET "/auth/github" for 127.0.0.1 at 2014-05-13 17:59:19 +0200
(github) Request phase initiated.


Started GET "/auth/github" for 127.0.0.1 at 2014-05-13 17:59:19 +0200
(github) Request phase initiated.


Started GET "/gists/" for 127.0.0.1 at 2014-05-14 10:20:41 +0200
  [1m[36mActiveRecord::SchemaMigration Load (0.2ms)[0m  [1mSELECT "schema_migrations".* FROM "schema_migrations"[0m
Processing by GistsController#index as HTML
DEPRECATION WARNING: Calling #find(:all) is deprecated. Please call #all directly instead. (called from search at /home/polina/dupa/my_gist/app/models/gist.rb:9)
DEPRECATION WARNING: Relation#all is deprecated. If you want to eager-load a relation, you can call #load (e.g. `Post.where(published: true).load`). If you want to get an array of records from a relation, you can call #to_a (e.g. `Post.where(published: true).to_a`). (called from search at /home/polina/dupa/my_gist/app/models/gist.rb:9)
  [1m[35mGist Load (0.5ms)[0m  SELECT "gists".* FROM "gists" LIMIT 10 OFFSET 0
  [1m[36m (0.3ms)[0m  [1mSELECT COUNT(*) FROM "gists"[0m
  Rendered gists/_gist.html.erb (1916.2ms)
  Rendered gists/index.html.erb within layouts/application (1998.2ms)
Completed 200 OK in 2599ms (Views: 2560.6ms | ActiveRecord: 1.5ms)


Started GET "/auth/github" for 127.0.0.1 at 2014-05-14 10:20:49 +0200
(github) Request phase initiated.


Started GET "/auth/github" for 127.0.0.1 at 2014-05-14 10:20:49 +0200
(github) Request phase initiated.


Started GET "/auth/github" for 127.0.0.1 at 2014-05-14 10:21:14 +0200
(github) Request phase initiated.


Started GET "/auth/github" for 127.0.0.1 at 2014-05-14 10:21:15 +0200
(github) Request phase initiated.


Started GET "/auth/github" for 127.0.0.1 at 2014-05-14 10:21:16 +0200
(github) Request phase initiated.


Started GET "/auth/github" for 127.0.0.1 at 2014-05-14 10:21:17 +0200
(github) Request phase initiated.


Started GET "/auth/github" for 127.0.0.1 at 2014-05-14 10:21:17 +0200
(github) Request phase initiated.


Started GET "/auth/github" for 127.0.0.1 at 2014-05-14 10:21:17 +0200
(github) Request phase initiated.


Started GET "/gists/" for 127.0.0.1 at 2014-05-14 10:21:23 +0200
Processing by GistsController#index as HTML
DEPRECATION WARNING: Calling #find(:all) is deprecated. Please call #all directly instead. (called from search at /home/polina/dupa/my_gist/app/models/gist.rb:9)
DEPRECATION WARNING: Relation#all is deprecated. If you want to eager-load a relation, you can call #load (e.g. `Post.where(published: true).load`). If you want to get an array of records from a relation, you can call #to_a (e.g. `Post.where(published: true).to_a`). (called from search at /home/polina/dupa/my_gist/app/models/gist.rb:9)
  [1m[35mGist Load (0.4ms)[0m  SELECT "gists".* FROM "gists" LIMIT 10 OFFSET 0
  [1m[36m (0.2ms)[0m  [1mSELECT COUNT(*) FROM "gists"[0m
  Rendered gists/_gist.html.erb (49.5ms)
  Rendered gists/index.html.erb within layouts/application (59.6ms)
Completed 200 OK in 98ms (Views: 86.3ms | ActiveRecord: 0.6ms)


Started GET "/auth/github" for 127.0.0.1 at 2014-05-14 10:22:26 +0200
(github) Request phase initiated.


Started GET "/auth/github" for 127.0.0.1 at 2014-05-14 10:22:26 +0200
(github) Request phase initiated.


Started GET "/gists/" for 127.0.0.1 at 2014-05-14 10:33:47 +0200
  [1m[36mActiveRecord::SchemaMigration Load (0.2ms)[0m  [1mSELECT "schema_migrations".* FROM "schema_migrations"[0m
Processing by GistsController#index as HTML
DEPRECATION WARNING: Calling #find(:all) is deprecated. Please call #all directly instead. (called from search at /home/polina/dupa/my_gist/app/models/gist.rb:9)
DEPRECATION WARNING: Relation#all is deprecated. If you want to eager-load a relation, you can call #load (e.g. `Post.where(published: true).load`). If you want to get an array of records from a relation, you can call #to_a (e.g. `Post.where(published: true).to_a`). (called from search at /home/polina/dupa/my_gist/app/models/gist.rb:9)
  [1m[35mGist Load (0.4ms)[0m  SELECT "gists".* FROM "gists" LIMIT 10 OFFSET 0
  [1m[36m (0.2ms)[0m  [1mSELECT COUNT(*) FROM "gists"[0m
  Rendered gists/_gist.html.erb (270.1ms)
  Rendered gists/index.html.erb within layouts/application (290.9ms)
Completed 200 OK in 489ms (Views: 459.1ms | ActiveRecord: 1.0ms)


Started GET "/auth/github" for 127.0.0.1 at 2014-05-14 10:33:51 +0200
(github) Request phase initiated.


Started GET "/auth/github" for 127.0.0.1 at 2014-05-14 10:33:51 +0200
(github) Request phase initiated.


Started GET "/gists/" for 127.0.0.1 at 2014-05-14 10:36:00 +0200
  [1m[36mActiveRecord::SchemaMigration Load (0.2ms)[0m  [1mSELECT "schema_migrations".* FROM "schema_migrations"[0m
Processing by GistsController#index as HTML
DEPRECATION WARNING: Calling #find(:all) is deprecated. Please call #all directly instead. (called from search at /home/polina/dupa/my_gist/app/models/gist.rb:9)
DEPRECATION WARNING: Relation#all is deprecated. If you want to eager-load a relation, you can call #load (e.g. `Post.where(published: true).load`). If you want to get an array of records from a relation, you can call #to_a (e.g. `Post.where(published: true).to_a`). (called from search at /home/polina/dupa/my_gist/app/models/gist.rb:9)
  [1m[35mGist Load (0.4ms)[0m  SELECT "gists".* FROM "gists" LIMIT 10 OFFSET 0
  [1m[36m (0.2ms)[0m  [1mSELECT COUNT(*) FROM "gists"[0m
  Rendered gists/_gist.html.erb (266.3ms)
  Rendered gists/index.html.erb within layouts/application (284.0ms)
Completed 200 OK in 475ms (Views: 445.8ms | ActiveRecord: 1.0ms)


Started GET "/auth/github" for 127.0.0.1 at 2014-05-14 10:36:03 +0200
(github) Request phase initiated.


Started GET "/auth/github" for 127.0.0.1 at 2014-05-14 10:36:03 +0200
(github) Request phase initiated.


Started GET "/gists/" for 127.0.0.1 at 2014-05-14 11:28:19 +0200
  [1m[36mActiveRecord::SchemaMigration Load (0.2ms)[0m  [1mSELECT "schema_migrations".* FROM "schema_migrations"[0m
Processing by GistsController#index as HTML
DEPRECATION WARNING: Calling #find(:all) is deprecated. Please call #all directly instead. (called from search at /home/polina/Nauka/Github/AplikacjaASI/AplikacjaASI/app/models/gist.rb:9)
DEPRECATION WARNING: Relation#all is deprecated. If you want to eager-load a relation, you can call #load (e.g. `Post.where(published: true).load`). If you want to get an array of records from a relation, you can call #to_a (e.g. `Post.where(published: true).to_a`). (called from search at /home/polina/Nauka/Github/AplikacjaASI/AplikacjaASI/app/models/gist.rb:9)
  [1m[35mGist Load (0.4ms)[0m  SELECT "gists".* FROM "gists" LIMIT 10 OFFSET 0
  [1m[36m (0.2ms)[0m  [1mSELECT COUNT(*) FROM "gists"[0m
  Rendered gists/_gist.html.erb (277.3ms)
  Rendered gists/index.html.erb within layouts/application (299.9ms)
Completed 200 OK in 493ms (Views: 461.8ms | ActiveRecord: 1.0ms)


Started GET "/auth/github" for 127.0.0.1 at 2014-05-14 11:28:22 +0200
(github) Request phase initiated.


Started GET "/auth/github" for 127.0.0.1 at 2014-05-14 11:28:22 +0200
(github) Request phase initiated.


Started GET "/auth/github" for 127.0.0.1 at 2014-05-14 11:28:27 +0200
(github) Request phase initiated.


Started GET "/auth/github" for 127.0.0.1 at 2014-05-14 11:28:27 +0200
(github) Request phase initiated.
